
[17:36:44] send: ATZ
[17:36:44] RECV: 41545A0D
[17:36:44] RECV: 0D0D454C4D3332372076322E320D0D3E
[17:36:44] send: ATD
[17:36:45] RECV: 4154440D0D4F4B0D0D3E
[17:36:45] send: ATE0
[17:36:45] RECV: 415445300D4F4B0D0D3E
[17:36:45] send: ATL0
[17:36:45] RECV: 4F4B0D0D3E
[17:36:45] send: ATS0
[17:36:45] RECV: 4F4B0D0D3E
[17:36:45] send: ATH0
[17:36:45] RECV: 4F4B0D0D3E
[17:36:45] send: ATD0
[17:36:45] RECV: 4F4B0D0D3E
[17:36:45] send: ATAL
[17:36:45] RECV: 4F4B0D0D3E
[17:36:45] send: ATIB10
[17:36:45] RECV: 4F4B0D0D3E
[17:36:45] send: ATKW0
[17:36:45] RECV: 4F4B0D0D3E
[17:36:45] send: ATSW00
[17:36:45] RECV: 4F4B0D0D3E
[17:36:45] send: ATAT0
[17:36:45] RECV: 4F4B0D0D3E
[17:36:45] send: ATCAF1
[17:36:45] RECV: 4F4B0D0D3E
[17:36:45] send: ATCFC1
[17:36:45] RECV: 4F4B0D0D3E
[17:36:45] send: ATFCSM0
[17:36:45] RECV: 4F4B0D0D3E
[17:36:45] send: ATTP5
[17:36:45] RECV: 4F4B0D0D3E
[17:36:45] send: ATSH817AF1
[17:36:45] RECV: 4F4B0D0D3E
[17:36:45] send: ATST19
[17:36:45] RECV: 4F4B0D0D3E
[17:36:45] send: ATFI
[17:36:45] RECV: 42555320494E49543A20
[17:36:46] RECV: 4552524F520D0D3E
[17:36:46] send: ATD
[17:36:46] RECV: 0D4F4B0D0D3E
[17:36:46] send: ATE0
[17:36:46] RECV: 415445300D4F4B0D0D3E
[17:36:46] send: ATL0
[17:36:46] RECV: 4F4B0D0D3E
[17:36:46] send: ATS0
[17:36:46] RECV: 4F4B0D0D3E
[17:36:46] send: ATH0
[17:36:46] RECV: 4F4B0D0D3E
[17:36:46] send: ATD0
[17:36:46] RECV: 4F4B0D0D3E
[17:36:46] send: ATAL
[17:36:46] RECV: 4F4B0D0D3E
[17:36:46] send: ATIB10
[17:36:46] RECV: 4F4B0D0D3E
[17:36:46] send: ATKW0
[17:36:46] RECV: 4F4B0D0D3E
[17:36:46] send: ATSW00
[17:36:46] RECV: 4F4B0D0D3E
[17:36:46] send: ATAT0
[17:36:46] RECV: 4F4B0D0D3E
[17:36:46] send: ATCAF1
[17:36:46] RECV: 4F4B0D0D3E
[17:36:46] send: ATCFC1
[17:36:46] RECV: 4F4B0D0D3E
[17:36:46] send: ATFCSM0
[17:36:46] RECV: 4F4B0D0D3E
[17:36:46] send: ATTP5
[17:36:46] RECV: 4F4B0D0D3E
[17:36:46] send: ATSH817AF1
[17:36:46] RECV: 4F4B0D0D3E
[17:36:46] send: ATST19
[17:36:46] RECV: 4F4B0D0D3E
[17:36:46] send: ATFI
[17:36:46] RECV: 42555320494E49543A20
[17:36:47] RECV: 4552524F520D0D3E
[17:36:47] send: ATD
[17:36:47] RECV: 0D4F4B0D0D3E
[17:36:47] send: ATE0
[17:36:47] RECV: 415445300D4F4B0D0D3E
[17:36:47] send: ATL0
[17:36:47] RECV: 4F4B0D0D3E
[17:36:47] send: ATS0
[17:36:47] RECV: 4F4B0D0D3E
[17:36:47] send: ATH0
[17:36:47] RECV: 4F4B0D0D3E
[17:36:47] send: ATD0
[17:36:47] RECV: 4F4B0D0D3E
[17:36:47] send: ATAL
[17:36:47] RECV: 4F4B0D0D3E
[17:36:47] send: ATIB10
[17:36:47] RECV: 4F4B0D0D3E
[17:36:47] send: ATKW0
[17:36:47] RECV: 4F4B0D0D3E
[17:36:47] send: ATSW00
[17:36:47] RECV: 4F4B0D0D3E
[17:36:47] send: ATAT0
[17:36:47] RECV: 4F4B0D0D3E
[17:36:47] send: ATCAF1
[17:36:47] RECV: 4F4B0D0D3E
[17:36:47] send: ATCFC1
[17:36:47] RECV: 4F4B0D0D3E
[17:36:47] send: ATFCSM0
[17:36:47] RECV: 4F4B0D0D3E
[17:36:47] send: ATTP5
[17:36:47] RECV: 4F4B0D0D3E
[17:36:47] send: ATSH817AF1
[17:36:47] RECV: 4F4B0D0D3E
[17:36:47] send: ATST19
[17:36:47] RECV: 4F4B0D0D3E
[17:36:47] send: ATFI
[17:36:47] RECV: 42555320494E49543A20
[17:36:48] RECV: 4552524F520D0D3E
[17:36:48] send: ATD
[17:36:48] RECV: 0D4F4B0D0D3E
[17:36:48] send: ATE0
[17:36:48] RECV: 415445300D4F4B0D0D3E
[17:36:48] send: ATL0
[17:36:48] RECV: 4F4B0D0D3E
[17:36:48] send: ATS0
[17:36:48] RECV: 4F4B0D0D3E
[17:36:48] send: ATH0
[17:36:48] RECV: 4F4B0D0D3E
[17:36:48] send: ATD0
[17:36:48] RECV: 4F4B0D0D3E
[17:36:48] send: ATAL
[17:36:48] RECV: 4F4B0D0D3E
[17:36:48] send: ATIB10
[17:36:48] RECV: 4F4B0D0D3E
[17:36:48] send: ATKW0
[17:36:48] RECV: 4F4B0D0D3E
[17:36:48] send: ATSW00
[17:36:48] RECV: 4F4B0D0D3E
[17:36:48] send: ATAT0
[17:36:48] RECV: 4F4B0D0D3E
[17:36:48] send: ATCAF1
[17:36:48] RECV: 4F4B0D0D3E
[17:36:48] send: ATCFC1
[17:36:48] RECV: 4F4B0D0D3E
[17:36:48] send: ATFCSM0
[17:36:48] RECV: 4F4B0D0D3E
[17:36:48] send: ATTP5
[17:36:48] RECV: 4F4B0D0D3E
[17:36:48] send: ATSH817AF1
[17:36:48] RECV: 4F4B0D0D3E
[17:36:48] send: ATST19
[17:36:48] RECV: 4F4B0D0D3E
[17:36:48] send: ATFI
[17:36:48] RECV: 42555320494E49543A20
[17:36:49] RECV: 4552524F520D0D3E
[17:36:49] send: ATD
[17:36:49] RECV: 0D4F4B0D0D3E
[17:36:49] send: ATE0
[17:36:49] RECV: 415445300D4F4B0D0D3E
[17:36:49] send: ATL0
[17:36:49] RECV: 4F4B0D0D3E
[17:36:49] send: ATS0
[17:36:49] RECV: 4F4B0D0D3E
[17:36:49] send: ATH0
[17:36:49] RECV: 4F4B0D0D3E
[17:36:49] send: ATD0
[17:36:49] RECV: 4F4B0D0D3E
[17:36:49] send: ATAL
[17:36:49] RECV: 4F4B0D0D3E
[17:36:49] send: ATIB10
[17:36:49] RECV: 4F4B0D0D3E
[17:36:49] send: ATKW0
[17:36:49] RECV: 4F4B0D0D3E
[17:36:49] send: ATSW00
[17:36:49] RECV: 4F4B0D0D3E
[17:36:49] send: ATAT0
[17:36:49] RECV: 4F4B0D0D3E
[17:36:49] send: ATCAF1
[17:36:49] RECV: 4F4B0D0D3E
[17:36:49] send: ATCFC1
[17:36:49] RECV: 4F4B0D0D3E
[17:36:49] send: ATFCSM0
[17:36:49] RECV: 4F4B0D0D3E
[17:36:49] send: ATTP5
[17:36:49] RECV: 4F4B0D0D3E
[17:36:49] send: ATSH817AF1
[17:36:49] RECV: 4F4B0D0D3E
[17:36:49] send: ATST19
[17:36:49] RECV: 4F4B0D0D3E
[17:36:49] send: ATFI
[17:36:49] RECV: 42555320494E49543A20
[17:36:50] RECV: 4552524F520D0D3E
[17:36:50] send: ATD
[17:36:50] RECV: 0D4F4B0D0D3E
[17:36:50] send: ATE0
[17:36:50] RECV: 415445300D4F4B0D0D3E
[17:36:50] send: ATL0
[17:36:50] RECV: 4F4B0D0D3E
[17:36:50] send: ATS0
[17:36:50] RECV: 4F4B0D0D3E
[17:36:50] send: ATH0
[17:36:50] RECV: 4F4B0D0D3E
[17:36:50] send: ATD0
[17:36:50] RECV: 4F4B0D0D3E
[17:36:50] send: ATAL
[17:36:50] RECV: 4F4B0D0D3E
[17:36:50] send: ATIB10
[17:36:50] RECV: 4F4B0D0D3E
[17:36:50] send: ATKW0
[17:36:50] RECV: 4F4B0D0D3E
[17:36:50] send: ATSW00
[17:36:50] RECV: 4F4B0D0D3E
[17:36:50] send: ATAT0
[17:36:50] RECV: 4F4B0D0D3E
[17:36:50] send: ATCAF1
[17:36:50] RECV: 4F4B0D0D3E
[17:36:50] send: ATCFC1
[17:36:50] RECV: 4F4B0D0D3E
[17:36:50] send: ATFCSM0
[17:36:50] RECV: 4F4B0D0D3E
[17:36:50] send: ATTP5
[17:36:50] RECV: 4F4B0D0D3E
[17:36:50] send: ATSH817AF1
[17:36:50] RECV: 4F4B0D0D3E
[17:36:50] send: ATST19
[17:36:50] RECV: 4F4B0D0D3E
[17:36:50] send: ATFI
[17:36:50] RECV: 42555320494E49543A20
[17:36:51] RECV: 4F4B0D0D3E
[17:36:51] send: ATKW
[17:36:51] RECV: 313A443020323A3846200D0D3E
[17:36:51] send: 2180 1
[17:36:51] RECV: 3631383038323030353532323031
[17:36:51] RECV: 303433313335333338323030
[17:36:51] RECV: 3532373732383030344330303531
[17:36:51] RECV: 34373330323930363035
[17:36:51] RECV: 30300D0D3E
[17:36:51] send: 21A0 1
[17:36:51] RECV: 363141304646464630434145
[17:36:51] RECV: 3030303030303530303842363043
[17:36:51] RECV: 30313244384130334545
[17:36:51] RECV: 3033453630424235303046343030
[17:36:51] RECV: 303030303233304641303030
[17:36:51] RECV: 303030303030303346433030
[17:36:51] RECV: 303046464437303032383030
[17:36:51] RECV: 303030303030303030303030303130383030303030303030
[17:36:51] RECV: 30303030303030303030
[17:36:51] RECV: 3030303030300D0D3E
[17:36:51] send: 21A2 1
[17:36:51] RECV: 3631413230303937303034303030
[17:36:51] RECV: 34313032464130313443
[17:36:51] RECV: 30303639303034313030
[17:36:51] RECV: 30303038423630423733
[17:36:51] RECV: 30334545304244423043
[17:36:51] RECV: 30313033453730303639
[17:36:51] RECV: 30303233313339363033
[17:36:51] RECV: 37303244334330303030
[17:36:51] RECV: 30303030303030303030
[17:36:51] RECV: 30303030303030303030
[17:36:51] RECV: 30303030303030303030
[17:36:51] RECV: 30303030303030303030
[17:36:52] RECV: 30300D0D3E
[17:36:52] send: 21A5 1
[17:36:52] RECV: 363141353042373330303637
[17:36:52] RECV: 34313630303030303030
[17:36:52] RECV: 30303030303030303030
[17:36:52] RECV: 30303030303030303030
[17:36:52] RECV: 30303030303030303030
[17:36:52] RECV: 30303030303030303030
[17:36:52] RECV: 30303030303346433030
[17:36:52] RECV: 30393031303345423037
[17:36:52] RECV: 41363030303030303030
[17:36:52] RECV: 46464646464646463030
[17:36:52] RECV: 30303030303030303136
[17:36:52] RECV: 30303030464643393030
[17:36:52] RECV: 303030300D0D3E
[17:36:52] send: 21CD 1
[17:36:52] RECV: 363143443031303030393030
[17:36:52] RECV: 30303030303030313031
[17:36:52] RECV: 303030300D0D3E
[17:36:52] send: 21A0 1
[17:36:52] RECV: 363141304646464630434234
[17:36:52] RECV: 30303030303035303038
[17:36:52] RECV: 423630433032324433463033454530334536304242353030463630303030
[17:36:52] RECV: 30303233304641303030
[17:36:52] RECV: 30303030303030334643
[17:36:52] RECV: 30303030464644373030
[17:36:52] RECV: 32383030303030303030
[17:36:52] RECV: 30303030303030313038
[17:36:52] RECV: 30303030303030303030
[17:36:52] RECV: 30303030303030303030
[17:36:52] RECV: 303030300D0D3E
[17:36:52] send: 21A2 1
[17:36:52] RECV: 363141323030393730303430
[17:36:52] RECV: 30303431303246413031
[17:36:52] RECV: 34433030363830303431
[17:36:52] RECV: 30303030303842363042
[17:36:52] RECV: 37343033454530424432
[17:36:52] RECV: 30433032303345373030
[17:36:52] RECV: 36393030323331333936
[17:36:52] RECV: 30333730324430413030
[17:36:53] RECV: 3030303030303030303030303030303030303030
[17:36:53] RECV: 30303030303030303030
[17:36:53] RECV: 30303030303030303030
[17:36:53] RECV: 303030300D0D3E
[17:36:53] send: 21A5 1
[17:36:53] RECV: 363141353042373430303637
[17:36:53] RECV: 36314543303030303030
[17:36:53] RECV: 30303030303030303030
[17:36:53] RECV: 30303030303030303030
[17:36:53] RECV: 30303030303030303030
[17:36:53] RECV: 30303030303030303030
[17:36:53] RECV: 30303030303346433030
[17:36:53] RECV: 30393031303345423037
[17:36:53] RECV: 4136303030303030303046464646464646463030
[17:36:53] RECV: 30303030303030303136
[17:36:53] RECV: 30303030464643443030
[17:36:53] RECV: 303030300D0D3E
[17:36:53] send: 21CD 1
[17:36:53] RECV: 363143443031303030393030
[17:36:53] RECV: 30303030303030313031
[17:36:53] RECV: 303030300D0D3E
[17:36:53] send: 21A0 1
[17:36:53] RECV: 3631
[17:36:53] RECV: 4130464646463043423630303030303035303038
[17:36:53] RECV: 42363043303232443346
[17:36:53] RECV: 30334545303345353042
[17:36:53] RECV: 42353030463830303030
[17:36:53] RECV: 30303233304641303030
[17:36:53] RECV: 30303030303030334643
[17:36:53] RECV: 30303030464644373030
[17:36:53] RECV: 32383030303030303030
[17:36:53] RECV: 30303030303030313038
[17:36:53] RECV: 30303030303030303030
[17:36:53] RECV: 30303030303030303030
[17:36:53] RECV: 303030300D0D3E
[17:36:53] send: 21A2 1
[17:36:53] RECV: 3631
[17:36:53] RECV: 41323030393730303430
[17:36:53] RECV: 30303431303246413031
[17:36:53] RECV: 34443030363830303431
[17:36:53] RECV: 30303030303842363042
[17:36:53] RECV: 37343033454530424346
[17:36:53] RECV: 30433032303345413030
[17:36:53] RECV: 36393030323331333936
[17:36:53] RECV: 30333730324430413030
[17:36:53] RECV: 30303030303030303030
[17:36:53] RECV: 30303030303030303030
[17:36:53] RECV: 3030303030303030303030303030303030303030
[17:36:53] RECV: 303030300D0D3E
[17:36:53] send: 21A5 1
[17:36:54] RECV: 363141353042373430303637
[17:36:54] RECV: 36314543303030303030
[17:36:54] RECV: 30303030303030303030
[17:36:54] RECV: 30303030303030303030
[17:36:54] RECV: 30303030303030303030
[17:36:54] RECV: 30303030303030303030
[17:36:54] RECV: 30303030303346433030
[17:36:54] RECV: 30393031303345423037
[17:36:54] RECV: 41363030303030303030
[17:36:54] RECV: 46464646464646463030
[17:36:54] RECV: 30303030303030303134
[17:36:54] RECV: 30303030464643443030
[17:36:54] RECV: 303030300D0D3E
[17:36:54] send: 21CD 1
[17:36:54] RECV: 363143443031303030393030
[17:36:54] RECV: 30303030303030313031
[17:36:54] RECV: 303030300D0D3E
[17:36:54] send: 21A0 1
[17:36:54] RECV: 363141304646464630434236
[17:36:54] RECV: 30303030303035303038
[17:36:54] RECV: 42363043303332443532
[17:36:54] RECV: 30334545303345383042
[17:36:54] RECV: 42353030463830303030
[17:36:54] RECV: 30303233304641303030
[17:36:54] RECV: 30303030303030334643
[17:36:54] RECV: 30303030464644373030
[17:36:54] RECV: 32383030303030303030
[17:36:54] RECV: 30303030303030313038
[17:36:54] RECV: 30303030303030303030
[17:36:54] RECV: 30303030303030303030
[17:36:54] RECV: 303030300D0D3E
[17:36:54] send: 21A2 1
[17:36:54] RECV: 363141323030393730303430
[17:36:54] RECV: 30303431303246423031
[17:36:54] RECV: 34443030363830303431
[17:36:54] RECV: 30303030303842363042
[17:36:54] RECV: 37343033454530424344
[17:36:54] RECV: 30433033303345373030
[17:36:54] RECV: 36393030323331333936
[17:36:54] RECV: 30333731324432333030
[17:36:54] RECV: 30303030303030303030
[17:36:54] RECV: 30303030303030303030
[17:36:54] RECV: 30303030303030303030
[17:36:54] RECV: 30303030303030303030
[17:36:54] RECV: 303030300D0D3E
[17:36:54] send: 21A5 1
[17:36:55] RECV: 363141353042373430303637
[17:36:55] RECV: 36314543303030303030
[17:36:55] RECV: 30303030303030303030
[17:36:55] RECV: 30303030303030303030
[17:36:55] RECV: 30303030303030303030
[17:36:55] RECV: 30303030303030303030
[17:36:55] RECV: 30303030303346433030
[17:36:55] RECV: 30393031303345423037
[17:36:55] RECV: 41363030303030303030
[17:36:55] RECV: 46464646464646463030
[17:36:55] RECV: 30303030303030303134
[17:36:55] RECV: 30303030464643443030
[17:36:55] RECV: 303030300D0D3E
[17:36:55] send: 21CD 1
[17:36:55] RECV: 363143443031303030393030
[17:36:55] RECV: 30303030303030313031
[17:36:55] RECV: 303030300D0D3E
[17:36:55] send: 21A0 1
[17:36:55] RECV: 3631
[17:36:55] RECV: 41304646464630434237
[17:36:55] RECV: 30303030303035303038
[17:36:55] RECV: 42363043303332443642
[17:36:55] RECV: 30334545303345393042
[17:36:55] RECV: 42353030463830303030
[17:36:55] RECV: 30303233304641303030
[17:36:55] RECV: 30303030303030334643
[17:36:55] RECV: 30303030464644373030
[17:36:55] RECV: 32383030303030303030
[17:36:55] RECV: 30303030303030313037
[17:36:55] RECV: 30303030303030303030
[17:36:55] RECV: 30303030303030303030
[17:36:55] RECV: 303030300D0D3E
[17:36:55] send: 21A2 1
[17:36:55] RECV: 363141323030393730303430
[17:36:55] RECV: 30303431303246423031
[17:36:55] RECV: 34443030363830303431
[17:36:55] RECV: 30303030303842363042
[17:36:55] RECV: 37343033454530424343
[17:36:55] RECV: 30433033303345413030
[17:36:55] RECV: 36393030323331333936
[17:36:55] RECV: 30333730324433433030
[17:36:55] RECV: 30303030303030303030
[17:36:55] RECV: 30303030303030303030
[17:36:55] RECV: 30303030303030303030
[17:36:55] RECV: 30303030303030303030
[17:36:55] RECV: 303030300D0D3E
[17:36:55] send: 21A5 1
[17:36:55] RECV: 363141353042373530303637
[17:36:55] RECV: 36314543303030303030
[17:36:55] RECV: 30303030303030303030
[17:36:55] RECV: 30303030303030303030
[17:36:55] RECV: 30303030303030303030
[17:36:56] RECV: 30303030303030303030
[17:36:56] RECV: 30303030303346433030
[17:36:56] RECV: 30393031303345423037
[17:36:56] RECV: 41363030303030303030
[17:36:56] RECV: 46464646464646463030
[17:36:56] RECV: 30303030303030303134
[17:36:56] RECV: 30303030464643443030
[17:36:56] RECV: 303030300D0D3E
[17:36:56] send: 21CD 1
[17:36:56] RECV: 363143443031303030393030
[17:36:56] RECV: 30303030313430313031
[17:36:56] RECV: 303030300D0D3E
[17:36:56] send: 170000 1
[17:36:56] RECV: 3746313731320D0D3E
[17:36:56] send: 174000 1
[17:36:56] RECV: 3746313731320D0D3E
[17:36:56] send: 178000 1
[17:36:56] RECV: 3746313731320D0D3E
[17:36:56] send: 17C000 1
[17:36:56] RECV: 3746
[17:36:56] RECV: 313731320D0D3E
[17:36:56] send: 17FF00 1
[17:36:56] RECV: 35373032
[17:36:56] RECV: 3030343535343232363334350D0D3E
[17:36:57] send: 17FFFF 1
[17:36:57] RECV: 3746
[17:36:57] RECV: 313731320D0D3E
[17:36:57] send: 21A0 1
[17:36:57] RECV: 363141304646464630434238
[17:36:57] RECV: 30303030303035303038
[17:36:57] RECV: 42363043303333323446
[17:36:57] RECV: 30334545303344313046
[17:36:57] RECV: 38363030463030303030
[17:36:57] RECV: 30424133304642433033
[17:36:57] RECV: 30383030303030343035
[17:36:57] RECV: 30303030464644373030
[17:36:57] RECV: 32383030303030363030
[17:36:57] RECV: 30303030303030313037
[17:36:57] RECV: 30303030303030303030
[17:36:57] RECV: 30303030303030303030
[17:36:57] RECV: 303030300D0D3E
[17:36:57] send: 21A2 1
[17:36:57] RECV: 363141323030393730303430
[17:36:57] RECV: 30313943303246423031
[17:36:57] RECV: 34343031313630313943
[17:36:57] RECV: 30313141303842363042
[17:36:57] RECV: 37333033454530424341
[17:36:57] RECV: 30433033303343413031
[17:36:57] RECV: 31323045413431333936
[17:36:57] RECV: 30333730333232313030
[17:36:57] RECV: 30303030303030303030
[17:36:57] RECV: 30303030303030303030
[17:36:57] RECV: 30303030303030303030
[17:36:57] RECV: 30303030303030303030
[17:36:57] RECV: 303030300D0D3E
[17:36:57] send: 21A5 1
[17:36:57] RECV: 363141353042373230303543
[17:36:57] RECV: 37413730303030303030
[17:36:57] RECV: 30303030303030303030
[17:36:57] RECV: 30303030303030303030
[17:36:57] RECV: 30303030303030303030
[17:36:57] RECV: 30303030303030303030
[17:36:57] RECV: 30303030303430333030
[17:36:57] RECV: 30303031303345423041
[17:36:57] RECV: 30453030303030303030
[17:36:57] RECV: 46464646464646463030
[17:36:57] RECV: 30303030303030303241
[17:36:57] RECV: 30303030464641363030
[17:36:57] RECV: 303030300D0D3E
[17:36:57] send: 21CD 1
[17:36:58] RECV: 363143443031303030393030
[17:36:58] RECV: 30303033333330313031
[17:36:58] RECV: 303030380D0D3E
[17:36:58] send: 21A0 1
[17:36:58] RECV: 363141304646464630434237
[17:36:58] RECV: 30303030303035303038
[17:36:58] RECV: 42363043303333333442
[17:36:58] RECV: 30334544303344393130
[17:36:58] RECV: 33313031333230303030
[17:36:58] RECV: 30454241304544303034
[17:36:58] RECV: 35363030303030343031
[17:36:58] RECV: 30303030303031383030
[17:36:58] RECV: 32383030303030363030
[17:36:58] RECV: 30303030303030313037
[17:36:58] RECV: 46464330303030303030
[17:36:58] RECV: 30303030303030303030
[17:36:58] RECV: 303030300D0D3E
[17:36:58] send: 21A2 1
[17:36:58] RECV: 363141323030393730303430
[17:36:58] RECV: 30313546303236343031
[17:36:58] RECV: 34363031304530313546
[17:36:58] RECV: 30304332303842363042
[17:36:58] RECV: 37303033454530424344
[17:36:58] RECV: 30433033303344303031
[17:36:58] RECV: 30453045344331333936
[17:36:58] RECV: 30333730333638393030
[17:36:58] RECV: 30303030303030303030
[17:36:58] RECV: 30303030303030303030
[17:36:58] RECV: 30303030303030303030
[17:36:58] RECV: 30303030303030303030
[17:36:58] RECV: 303030300D0D3E
[17:36:58] send: 21A5 1
[17:36:58] RECV: 363141353042364646463534
[17:36:58] RECV: 37413844303030303030
[17:36:58] RECV: 30303030303030303030
[17:36:58] RECV: 30303030303030303030
[17:36:58] RECV: 30303030303030303031
[17:36:58] RECV: 30373030303030303030
[17:36:58] RECV: 30303030303346443030
[17:36:58] RECV: 30303030303345423037
[17:36:58] RECV: 34393030303030303030
[17:36:58] RECV: 46464646464646463030
[17:36:58] RECV: 30303030323130303139
[17:36:58] RECV: 30303030464646453030
[17:36:58] RECV: 303030300D0D3E
[17:36:58] send: 21CD 1
[17:36:58] RECV: 363143443031303030393030
[17:36:58] RECV: 30303033324430313031
[17:36:58] RECV: 303030380D0D3E
[17:36:58] send: 21A0 1
[17:36:59] RECV: 363141304646464630434235
[17:36:59] RECV: 30303030303035303038
[17:36:59] RECV: 42363043303333373141
[17:36:59] RECV: 30334545303345343042
[17:36:59] RECV: 30463031313330303030
[17:36:59] RECV: 30444232304438463033
[17:36:59] RECV: 44443030303030334643
[17:36:59] RECV: 30303930303039393030
[17:36:59] RECV: 32383030303030363030
[17:36:59] RECV: 30303030303030313937
[17:36:59] RECV: 46464342303030303030
[17:36:59] RECV: 30303030303030303030
[17:36:59] RECV: 303030300D0D3E
[17:36:59] send: 21A2 1
[17:36:59] RECV: 363141323030393730303430
[17:36:59] RECV: 30313631303236303031
[17:36:59] RECV: 3434303130333031363130304332303842363042
[17:36:59] RECV: 36443033454530424431
[17:36:59] RECV: 30433033303344303031
[17:36:59] RECV: 30333044354131333936
[17:36:59] RECV: 30333731333645443030
[17:36:59] RECV: 30303030303030303030
[17:36:59] RECV: 30303030303030303030
[17:36:59] RECV: 30303030303030303030
[17:36:59] RECV: 30303030303030303030
[17:36:59] RECV: 303030300D0D3E
[17:36:59] send: 21A5 1
[17:36:59] RECV: 363141353042364446463446
[17:36:59] RECV: 37413844303030303030
[17:36:59] RECV: 30303030303030303030
[17:36:59] RECV: 30303030303030303030
[17:36:59] RECV: 30303030303030303031
[17:36:59] RECV: 30373030303030303030
[17:36:59] RECV: 30303030303346433030
[17:36:59] RECV: 30303030303345423037
[17:36:59] RECV: 36363030303030303030
[17:36:59] RECV: 46464646464646463030
[17:36:59] RECV: 30303030323130303138
[17:36:59] RECV: 30303030464646333030
[17:36:59] RECV: 303030300D0D3E
[17:36:59] send: 21CD 1
[17:36:59] RECV: 363143443031303030393030
[17:36:59] RECV: 30303033333430313031
[17:36:59] RECV: 303030380D0D3E
[17:36:59] send: 21A0 1
[17:37:00] RECV: 363141304646464630434233
[17:37:00] RECV: 30303030303035303038
[17:37:00] RECV: 42363043303233373738
[17:37:00] RECV: 30334545303345343041
[17:37:00] RECV: 43393031303730303030
[17:37:00] RECV: 30443246304346413033
[17:37:00] RECV: 41373030303030334643
[17:37:00] RECV: 30304142303041453030
[17:37:00] RECV: 32383030303030363030
[17:37:00] RECV: 30303030303030314232
[17:37:00] RECV: 46464245303030303030
[17:37:00] RECV: 30303030303030303030
[17:37:00] RECV: 303030300D0D3E
[17:37:00] send: 21A2 1
[17:37:00] RECV: 363141323030393730303430
[17:37:00] RECV: 30313533303234433031
[17:37:00] RECV: 34353030464630313533
[17:37:00] RECV: 30304238303842363042
[17:37:00] RECV: 36423033454530424436
[17:37:00] RECV: 30433032303344303030
[17:37:00] RECV: 46463044303331333936
[17:37:00] RECV: 30333730333739443030
[17:37:00] RECV: 30303030303030303030
[17:37:00] RECV: 30303030303030303030
[17:37:00] RECV: 30303030303030303030
[17:37:00] RECV: 30303030303030303030
[17:37:00] RECV: 303030300D0D3E
[17:37:00] send: 21A5 1
[17:37:00] RECV: 363141353042364246463633
[17:37:00] RECV: 37413844303030303030
[17:37:00] RECV: 30303030303030303030
[17:37:00] RECV: 30303030303030303030
[17:37:00] RECV: 30303030303030303031
[17:37:00] RECV: 30373030303030303030
[17:37:00] RECV: 30303030303346433030
[17:37:00] RECV: 30303030303345423037
[17:37:00] RECV: 32453030303030303030
[17:37:00] RECV: 46464646464646463030
[17:37:00] RECV: 30303030323130303138
[17:37:00] RECV: 30303030464646343030
[17:37:00] RECV: 303030300D0D3E
[17:37:00] send: 21CD 1
[17:37:00] RECV: 363143443031303030393030
[17:37:00] RECV: 30303033333230313031
[17:37:00] RECV: 303030380D0D3E
[17:37:00] send: 17FF00 1
[17:37:00] RECV: 3537
[17:37:00] RECV: 30323030343535343232363334350D0D3E
[17:37:00] send: 21A0 1
[17:37:01] RECV: 363141304646464630434231
[17:37:01] RECV: 30303030303035303038
[17:37:01] RECV: 42363043303133373531
[17:37:01] RECV: 30334545303345343041
[17:37:01] RECV: 38383030464430303030
[17:37:01] RECV: 30424642304337393033
[17:37:01] RECV: 35333030303030334643
[17:37:01] RECV: 30304344303043423030
[17:37:01] RECV: 32383030303030363030
[17:37:01] RECV: 30303030303030314434
[17:37:01] RECV: 46464141303030303030
[17:37:01] RECV: 30303030303030303030
[17:37:01] RECV: 303030300D0D3E
[17:37:01] send: 21A2 1
[17:37:01] RECV: 363141323030393730303430
[17:37:01] RECV: 30313245303232423031
[17:37:01] RECV: 34463030463330313245
[17:37:01] RECV: 30304237303842363042
[17:37:01] RECV: 36393033454530424442
[17:37:01] RECV: 30433031303344303030
[17:37:01] RECV: 46333042464231333936
[17:37:01] RECV: 30333731333644343030
[17:37:01] RECV: 30303030303030303030
[17:37:01] RECV: 30303030303030303030
[17:37:01] RECV: 30303030303030303030
[17:37:01] RECV: 30303030303030303030
[17:37:01] RECV: 303030300D0D3E
[17:37:01] send: 21A5 1
[17:37:01] RECV: 363141353042363946463633
[17:37:01] RECV: 37413844303030303030
[17:37:01] RECV: 30303030303030303030
[17:37:01] RECV: 30303030303030303030
[17:37:01] RECV: 30303030303030303031
[17:37:01] RECV: 30373030303030303030
[17:37:01] RECV: 30303030303346433030
[17:37:01] RECV: 30303030303345423036
[17:37:01] RECV: 46433030303030303030
[17:37:01] RECV: 46464646464646463030
[17:37:01] RECV: 30303030323130303136
[17:37:01] RECV: 30303030464645423030
[17:37:01] RECV: 303030300D0D3E
[17:37:01] send: 21CD 1
[17:37:01] RECV: 363143443031303030393030
[17:37:01] RECV: 30303033333230313031
[17:37:01] RECV: 303030380D0D3E
[17:37:01] send: 21A0 1
[17:37:02] RECV: 3631
[17:37:02] RECV: 41304646464630434146
[17:37:02] RECV: 30304644303035303038
[17:37:02] RECV: 4236304330313337373530334545303345353041
[17:37:02] RECV: 35393030463830303030
[17:37:02] RECV: 30424642304246343033
[17:37:02] RECV: 35423030303030334643
[17:37:02] RECV: 30304446303044433030
[17:37:02] RECV: 32383030303030363030
[17:37:02] RECV: 30303030303030314536
[17:37:02] RECV: 46463941303030303030
[17:37:02] RECV: 30303030303030303030
[17:37:02] RECV: 303030300D0D3E
[17:37:02] send: 21A2 1
[17:37:02] RECV: 363141323031303230303644
[17:37:02] RECV: 30313531303237393031
[17:37:02] RECV: 34383031303630313531
[17:37:02] RECV: 30304438303842363042
[17:37:02] RECV: 36383033454530424445
[17:37:02] RECV: 30433030303344333031
[17:37:02] RECV: 30363044394331333936
[17:37:02] RECV: 30333730333735313030
[17:37:02] RECV: 3030303030303030303030303030303030303030
[17:37:02] RECV: 30303030303030303030
[17:37:02] RECV: 30303030303030303030303030300D0D3E
[17:37:02] send: 21A5 1
[17:37:02] RECV: 363141353042363730304644
[17:37:02] RECV: 37413844303030303030
[17:37:02] RECV: 30303030303030303030
[17:37:02] RECV: 30303030303030303030
[17:37:02] RECV: 30303030303030303031
[17:37:02] RECV: 30373030303030303030
[17:37:02] RECV: 30303030303430363030
[17:37:02] RECV: 30303031303345423037
[17:37:02] RECV: 39343030303030303030
[17:37:02] RECV: 46464646464646463030
[17:37:02] RECV: 30303030323130303241
[17:37:02] RECV: 30303030303033433030
[17:37:02] RECV: 303030300D0D3E
[17:37:02] send: 21CD 1
[17:37:02] RECV: 363143443031303030393030
[17:37:02] RECV: 303030343538303130313030
[17:37:02] RECV: 30380D0D3E
[17:37:02] send: 21A0 1
[17:37:02] RECV: 3631
[17:37:02] RECV: 41304646464630434144
[17:37:02] RECV: 334339333030353030384236
[17:37:02] RECV: 304330303337413530334545
[17:37:02] RECV: 303342363045443430314439
[17:37:03] RECV: 303030303135433431364441
[17:37:03] RECV: 303635363030303030344234
[17:37:03] RECV: 30303030464645383030
[17:37:03] RECV: 32383030303030363030
[17:37:03] RECV: 303030303030303130363030
[17:37:03] RECV: 303030303030303030303030
[17:37:03] RECV: 303030303030303030300D0D3E
[17:37:03] send: 21A2 1
[17:37:03] RECV: 3631413230313635303039383031
[17:37:03] RECV: 46363032414130313343
[17:37:03] RECV: 30314135303146363031
[17:37:03] RECV: 46373038423630423636
[17:37:03] RECV: 3033454530424531304246463033423330314136
[17:37:03] RECV: 31423432313339363033
[17:37:03] RECV: 37303337353130303030
[17:37:03] RECV: 30303030303030303030
[17:37:03] RECV: 30303030303030303030
[17:37:03] RECV: 30303030303030303030
[17:37:03] RECV: 30303030303030303030
[17:37:03] RECV: 30300D0D3E
[17:37:03] send: 21A5 1
[17:37:03] RECV: 3631
[17:37:03] RECV: 4135304236354646353537413844303030303030
[17:37:03] RECV: 3030303030303030303030303030303030303030
[17:37:03] RECV: 30303030303030303031
[17:37:03] RECV: 30373030303030303030
[17:37:03] RECV: 30303030303535463030
[17:37:03] RECV: 30303030303345423038
[17:37:03] RECV: 33333030303030303030
[17:37:03] RECV: 46464646464646463030
[17:37:03] RECV: 30303030323130314146
[17:37:03] RECV: 30303030303030393030
[17:37:03] RECV: 303030300D0D3E
[17:37:03] send: 21CD 1
[17:37:03] RECV: 3631
[17:37:03] RECV: 43443031303030393030
[17:37:03] RECV: 30303039303330313031
[17:37:03] RECV: 303030380D0D3E
[17:37:03] send: 21A0 1
[17:37:03] RECV: 363141304646464630434143
[17:37:03] RECV: 30303030303035303038
[17:37:03] RECV: 42363042464633374244
[17:37:03] RECV: 30334545303342363044
[17:37:03] RECV: 35373031323230303030
[17:37:03] RECV: 31313042304630453030
[17:37:03] RECV: 30303030303030343443
[17:37:03] RECV: 30303642303038323030
[17:37:03] RECV: 32383030303030363030
[17:37:03] RECV: 30303030303030313732
[17:37:03] RECV: 30303235303030303030
[17:37:03] RECV: 30303030303030303030
[17:37:03] RECV: 303030300D0D3E
[17:37:03] send: 21A2 1
[17:37:04] RECV: 363141323030393730303430
[17:37:04] RECV: 30314246303235353031
[17:37:04] RECV: 34373031303830314246
[17:37:04] RECV: 30313739303842363042
[17:37:04] RECV: 36333033454530424534
[17:37:04] RECV: 30424646303341443031
[17:37:04] RECV: 30383044433831333936
[17:37:04] RECV: 30333730333743463030
[17:37:04] RECV: 3030303030303030303030303030303030303030
[17:37:04] RECV: 30303030303030303030
[17:37:04] RECV: 30303030303030303030
[17:37:04] RECV: 303030300D0D3E
[17:37:04] send: 21A5 1
[17:37:04] RECV: 363141353042363246463439
[17:37:04] RECV: 37413844303030303030
[17:37:04] RECV: 30303030303030303030
[17:37:04] RECV: 30303030303030303030
[17:37:04] RECV: 30303030303030303031
[17:37:04] RECV: 30373030303030303030
[17:37:04] RECV: 30303030303346433030
[17:37:04] RECV: 30303030303345423037
[17:37:04] RECV: 44383030303030303030
[17:37:04] RECV: 46464646464646463030
[17:37:04] RECV: 30303030323130303144
[17:37:04] RECV: 30303030464642333030
[17:37:04] RECV: 303030300D0D3E
[17:37:04] send: 21CD 1
[17:37:04] RECV: 363143443031303030393030
[17:37:04] RECV: 30303033433830313031
[17:37:04] RECV: 303030380D0D3E
[17:37:04] send: 17FF00 1
[17:37:04] RECV: 3537
[17:37:04] RECV: 30323030343535343232
[17:37:04] RECV: 363334350D0D3E
[17:37:04] send: 21A0 1
[17:37:04] RECV: 36314130464646463043414133364339303035303038
[17:37:04] RECV: 42363042464433374443
[17:37:04] RECV: 30334545303343363045
[17:37:04] RECV: 45363031384130303030
[17:37:04] RECV: 31313231313435333034
[17:37:04] RECV: 34323030303030343243
[17:37:04] RECV: 30303030464644373030
[17:37:04] RECV: 32383030303030363030
[17:37:05] RECV: 30303030303030313036
[17:37:05] RECV: 30303030303030303030
[17:37:05] RECV: 30303030303030303030
[17:37:05] RECV: 303030300D0D3E
[17:37:05] send: 21A2 1
[17:37:05] RECV: 363141323031364530303943
[17:37:05] RECV: 30314636303243383031
[17:37:05] RECV: 34303031384330314636
[17:37:05] RECV: 30323035303842363042
[17:37:05] RECV: 36303033454530424537
[17:37:05] RECV: 30424645303339443031
[17:37:05] RECV: 38433139303731333936
[17:37:05] RECV: 30333730333739443030
[17:37:05] RECV: 30303030303030303030
[17:37:05] RECV: 30303030303030303030
[17:37:05] RECV: 30303030303030303030
[17:37:05] RECV: 30303030303030303030
[17:37:05] RECV: 303030300D0D3E
[17:37:05] send: 21A5 1
[17:37:05] RECV: 363141353042363046463336
[17:37:05] RECV: 37413844303030303030
[17:37:05] RECV: 30303030303030303030
[17:37:05] RECV: 30303030303030303030
[17:37:05] RECV: 30303030303030303031
[17:37:05] RECV: 30373030303030303030
[17:37:05] RECV: 3030303030354238303030303030303345423039
[17:37:05] RECV: 42433030303030303030
[17:37:05] RECV: 46464646464646463030
[17:37:05] RECV: 30303030323130323143
[17:37:05] RECV: 30303030303033353030
[17:37:05] RECV: 303030300D0D3E
[17:37:05] send: 21CD 1
[17:37:05] RECV: 36314344303130303039303030303041324130313031
[17:37:05] RECV: 303030380D0D3E
[17:37:05] send: 21A0 1
[17:37:05] RECV: 363141304646464630434141
[17:37:05] RECV: 33463739303035303038
[17:37:05] RECV: 42363042464433374546
[17:37:05] RECV: 30334545303338393045
[17:37:05] RECV: 46373031444530303030
[17:37:05] RECV: 31463039314535413034
[17:37:05] RECV: 46433030303030363646
[17:37:05] RECV: 30303030303030303030
[17:37:05] RECV: 32383030303030363030
[17:37:05] RECV: 30303030303030313037
[17:37:05] RECV: 30303939303030303030
[17:37:05] RECV: 30303030303030303030
[17:37:05] RECV: 303030300D0D3E
[17:37:05] send: 21A2 1
[17:37:06] RECV: 363141323031364530303943
[17:37:06] RECV: 30323445303246423031
[17:37:06] RECV: 33383031454230323445
[17:37:06] RECV: 30333836303842363042
[17:37:06] RECV: 35443033454530424538
[17:37:06] RECV: 30424644303341333031
[17:37:06] RECV: 45433231343431333936
[17:37:06] RECV: 30333731333736423030
[17:37:06] RECV: 30303030303030303030
[17:37:06] RECV: 30303030303030303030
[17:37:06] RECV: 30303030303030303030
[17:37:06] RECV: 30303030303030303030
[17:37:06] RECV: 303030300D0D3E
[17:37:06] send: 21A5 1
[17:37:06] RECV: 363141353042354446464530
[17:37:06] RECV: 37413844303030303030
[17:37:06] RECV: 30303030303030303030
[17:37:06] RECV: 30303030303030303030
[17:37:06] RECV: 30303030303030303031
[17:37:06] RECV: 30373030303030303030
[17:37:06] RECV: 30303030303642393030
[17:37:06] RECV: 30303030303345423039
[17:37:06] RECV: 45453030303030303030
[17:37:06] RECV: 46464646464646463030
[17:37:06] RECV: 30303030323130333233
[17:37:06] RECV: 30303030303039393030
[17:37:06] RECV: 303030300D0D3E
[17:37:06] send: 21CD 1
[17:37:06] RECV: 363143443031303030393030
[17:37:06] RECV: 30303042444130313031
[17:37:06] RECV: 303030380D0D3E
[17:37:06] send: 21A0 1
[17:37:06] RECV: 363141304646464630434139
[17:37:06] RECV: 33463739303035303038
[17:37:06] RECV: 42363042464433383042
[17:37:06] RECV: 30334545303341303045
[17:37:06] RECV: 4541303236443030303032363346323537413034
[17:37:06] RECV: 43353030303030364632
[17:37:06] RECV: 30303030303030303030
[17:37:06] RECV: 32383030303030363030
[17:37:06] RECV: 30303030303030313037
[17:37:06] RECV: 30303939303030303030
[17:37:06] RECV: 30303030303030303030
[17:37:06] RECV: 303030300D0D3E
[17:37:06] send: 21A2 1
[17:37:06] RECV: 363141323030393730303430
[17:37:06] RECV: 30323441303246413031
[17:37:06] RECV: 32443031373430323441
[17:37:07] RECV: 30333930303842363042
[17:37:07] RECV: 35413033454530424538
[17:37:07] RECV: 30424644303343303031
[17:37:07] RECV: 37343136463731333936
[17:37:07] RECV: 30333730333736423030
[17:37:07] RECV: 30303030303030303030
[17:37:07] RECV: 30303030303030303030
[17:37:07] RECV: 30303030303030303030
[17:37:07] RECV: 30303030303030303030303030300D0D3E
[17:37:07] send: 21A5 1
[17:37:07] RECV: 363141353042353946463433
[17:37:07] RECV: 37373242303030303030
[17:37:07] RECV: 30303030303030303030
[17:37:07] RECV: 30303030303030303030
[17:37:07] RECV: 30303030303030303031
[17:37:07] RECV: 30373030303030303030
[17:37:07] RECV: 30303030303436383030
[17:37:07] RECV: 30303030303345423041
[17:37:07] RECV: 36383030303030303030
[17:37:07] RECV: 46464646464646463030
[17:37:07] RECV: 30303030323130304236
[17:37:07] RECV: 30303030464641373030
[17:37:07] RECV: 303030300D0D3E
[17:37:07] send: 21CD 1
[17:37:07] RECV: 3631
[17:37:07] RECV: 43443031303030393030
[17:37:07] RECV: 30303037324330313031
[17:37:07] RECV: 303030380D0D3E
[17:37:07] send: 21A0 1
[17:37:07] RECV: 3631
[17:37:07] RECV: 41304646464630434141
[17:37:07] RECV: 30303030303035303038
[17:37:07] RECV: 42363042464333383037
[17:37:07] RECV: 30334545303343373043
[17:37:07] RECV: 42463031313330303030
[17:37:07] RECV: 30454536304441303030
[17:37:07] RECV: 30303030303030343135
[17:37:07] RECV: 30303944303041383030
[17:37:07] RECV: 32383030303030363030
[17:37:07] RECV: 30303030303030314134
[17:37:07] RECV: 30303132303030303030
[17:37:07] RECV: 30303030303030303030
[17:37:07] RECV: 303030300D0D3E
[17:37:07] send: 21A2 1
[17:37:07] RECV: 363141323030393730303430
[17:37:07] RECV: 3031384330323244303134383031
[17:37:07] RECV: 30463031384330313042
[17:37:07] RECV: 30384236304235393033
[17:37:07] RECV: 454530424537304246433033
[17:37:07] RECV: 444130313130304537383133
[17:37:07] RECV: 393630333730333831413030
[17:37:07] RECV: 303030303030303030303030
[17:37:07] RECV: 303030303030303030303030
[17:37:08] RECV: 303030303030303030303030
[17:37:08] RECV: 30303030303030300D0D3E
[17:37:08] send: 21A5 1
[17:37:08] RECV: 3631
[17:37:08] RECV: 41353042353946463642374138443030303030303030
[17:37:08] RECV: 30303030303030303030
[17:37:08] RECV: 30303030303030303030
[17:37:08] RECV: 30303030303030313037
[17:37:08] RECV: 30303030303030303030
[17:37:08] RECV: 30303034303030303030
[17:37:08] RECV: 30303033454230373833
[17:37:08] RECV: 30303030303030304646
[17:37:08] RECV: 46464646464630303030
[17:37:08] RECV: 30303231303031433030
[17:37:08] RECV: 30304646424430303030
[17:37:08] RECV: 30300D0D3E
[17:37:08] send: 21CD 1
[17:37:08] RECV: 363143443031303030393030
[17:37:08] RECV: 30303033364430313031
[17:37:08] RECV: 303030380D0D3E
[17:37:08] send: 17FF00 1
[17:37:08] RECV: 3537
[17:37:08] RECV: 30323030343535343232
[17:37:08] RECV: 363334350D0D3E
[17:37:08] send: 21A0 1
[17:37:08] RECV: 363141304646464630434141
[17:37:08] RECV: 30303030303035303038
[17:37:08] RECV: 42363042464333383542
[17:37:08] RECV: 30334545303345363041
[17:37:08] RECV: 38453030453730303030
[17:37:08] RECV: 30383736304141443032
[17:37:08] RECV: 44343030303030334643
[17:37:08] RECV: 30304643303046363030
[17:37:08] RECV: 32383030303030363030
[17:37:08] RECV: 30303030303030323033
[17:37:08] RECV: 46463941303030303030
[17:37:08] RECV: 30303030303030303030
[17:37:08] RECV: 303030300D0D3E
[17:37:08] send: 21A2 1
[17:37:08] RECV: 36314132303039373030343030313530303230323031
[17:37:08] RECV: 34363030434130313530
[17:37:08] RECV: 30304332303842363042
[17:37:08] RECV: 35393033454530424536
[17:37:08] RECV: 30424642303344333030
[17:37:09] RECV: 43413038373631333936
[17:37:09] RECV: 30333730333837453030
[17:37:09] RECV: 30303030303030303030
[17:37:09] RECV: 30303030303030303030
[17:37:09] RECV: 30303030303030303030
[17:37:09] RECV: 30303030303030303030
[17:37:09] RECV: 303030300D0D3E
[17:37:09] send: 21A5 1
[17:37:09] RECV: 363141353042353946464334
[17:37:09] RECV: 37413844303030303030
[17:37:09] RECV: 30303030303030303030
[17:37:09] RECV: 30303030303030303030
[17:37:09] RECV: 30303030303030303031
[17:37:09] RECV: 30373030303030303030
[17:37:09] RECV: 30303030303346433030
[17:37:09] RECV: 30303030303345423037
[17:37:09] RECV: 30373030303030303030
[17:37:09] RECV: 46464646464646463030
[17:37:09] RECV: 30303030323130303136
[17:37:09] RECV: 30303030464644313030
[17:37:09] RECV: 303030300D0D3E
[17:37:09] send: 21CD 1
[17:37:09] RECV: 363143443031303030393030
[17:37:09] RECV: 30303033324430313031
[17:37:09] RECV: 303030380D0D3E
[17:37:09] send: 21A0 1
[17:37:09] RECV: 363141304646464630434141
[17:37:09] RECV: 30303030303035303038
[17:37:09] RECV: 42363042464233383544
[17:37:09] RECV: 303345453033453630413942303045323030303030394543304136353032
[17:37:09] RECV: 44383030303030334643
[17:37:09] RECV: 30304635303046383030
[17:37:09] RECV: 32383030303030363030
[17:37:09] RECV: 30303030303030314643
[17:37:09] RECV: 46463941303030303030
[17:37:09] RECV: 30303030303030303030
[17:37:09] RECV: 303030300D0D3E
[17:37:09] send: 21A2 1
[17:37:09] RECV: 363141323030393730303430
[17:37:09] RECV: 30313544303231333031
[17:37:09] RECV: 34373030453230313544
[17:37:09] RECV: 30304239303842363042
[17:37:09] RECV: 35393033454530424536
[17:37:09] RECV: 30424642303344333030
[17:37:09] RECV: 44463041343331333936
[17:37:09] RECV: 30333731333834433030
[17:37:09] RECV: 30303030303030303030
[17:37:09] RECV: 30303030303030303030
[17:37:09] RECV: 30303030303030303030
[17:37:09] RECV: 30303030303030303030
[17:37:09] RECV: 303030300D0D3E
[17:37:09] send: 21A5 1
[17:37:10] RECV: 363141353042353946464242
[17:37:10] RECV: 37413844303030303030
[17:37:10] RECV: 3030303030303030303030303030303030303030
[17:37:10] RECV: 30303030303030303031
[17:37:10] RECV: 30373030303030303030
[17:37:10] RECV: 30303030303346433030
[17:37:10] RECV: 30303030303345423037
[17:37:10] RECV: 30313030303030303030
[17:37:10] RECV: 46464646464646463030
[17:37:10] RECV: 30303030323130303136
[17:37:10] RECV: 30303030464644393030
[17:37:10] RECV: 303030300D0D3E
[17:37:10] send: 21CD 1
[17:37:10] RECV: 363143443031303030393030
[17:37:10] RECV: 30303033323830313031
[17:37:10] RECV: 303030380D0D3E
[17:37:10] send: 21A0 1
[17:37:10] RECV: 363141304646464630434141
[17:37:10] RECV: 30303030303035303038
[17:37:10] RECV: 42363042464133383741
[17:37:10] RECV: 30334545303345363041
[17:37:10] RECV: 42313030453930303030
[17:37:10] RECV: 30413835304144373033
[17:37:10] RECV: 3042303030303033464330304630303046303030
[17:37:10] RECV: 32383030303030363030
[17:37:10] RECV: 30303030303030314637
[17:37:10] RECV: 46463941303030303030
[17:37:10] RECV: 30303030303030303030
[17:37:10] RECV: 303030300D0D3E
[17:37:10] send: 21A2 1
[17:37:10] RECV: 363141323030393730303430
[17:37:10] RECV: 30313443303230433031
[17:37:10] RECV: 34343030453430313443
[17:37:10] RECV: 30304232303842363042
[17:37:10] RECV: 35393033454530424536
[17:37:10] RECV: 30424642303344333030
[17:37:10] RECV: 45343041423131333936
[17:37:10] RECV: 30333730333839373030
[17:37:10] RECV: 30303030303030303030
[17:37:10] RECV: 30303030303030303030
[17:37:10] RECV: 30303030303030303030
[17:37:10] RECV: 30303030303030303030
[17:37:10] RECV: 303030300D0D3E
[17:37:10] send: 21A5 1
[17:37:11] RECV: 363141353042353946464343
[17:37:11] RECV: 37413844303030303030
[17:37:11] RECV: 30303030303030303030
[17:37:11] RECV: 30303030303030303030
[17:37:11] RECV: 30303030303030303031
[17:37:11] RECV: 30373030303030303030
[17:37:11] RECV: 30303030303346433030
[17:37:11] RECV: 30303030303345423037
[17:37:11] RECV: 31343030303030303030
[17:37:11] RECV: 46464646464646463030
[17:37:11] RECV: 30303030323130303136
[17:37:11] RECV: 30303030464644413030
[17:37:11] RECV: 303030300D0D3E
[17:37:11] send: 21CD 1
[17:37:11] RECV: 3631
[17:37:11] RECV: 43443031303030393030
[17:37:11] RECV: 30303033324230313031
[17:37:11] RECV: 303030380D0D3E
[17:37:11] send: 21A0 1
[17:37:11] RECV: 363141304646464630434141
[17:37:11] RECV: 30303030303035303038
[17:37:11] RECV: 42363042464133383331
[17:37:11] RECV: 30334545303345363041
[17:37:11] RECV: 43353030453630303030
[17:37:11] RECV: 30414231304141363032
[17:37:11] RECV: 45333030303030334643
[17:37:11] RECV: 30304631303045463030
[17:37:11] RECV: 32383030303030363030
[17:37:11] RECV: 30303030303030314638
[17:37:11] RECV: 46463941303030303030
[17:37:11] RECV: 30303030303030303030
[17:37:11] RECV: 303030300D0D3E
[17:37:11] send: 21A2 1
[17:37:11] RECV: 363141323030393730303430
[17:37:11] RECV: 30313634303230413031
[17:37:11] RECV: 34453030453630313634
[17:37:11] RECV: 30304235303842363042
[17:37:11] RECV: 35393033454530424537
[17:37:11] RECV: 30424641303344333030
[17:37:11] RECV: 45323041383531333936
[17:37:11] RECV: 30333730333743463030
[17:37:11] RECV: 30303030303030303030
[17:37:11] RECV: 30303030303030303030
[17:37:11] RECV: 30303030303030303030
[17:37:11] RECV: 30303030303030303030
[17:37:11] RECV: 303030300D0D3E
[17:37:11] send: 21A5 1
[17:37:11] RECV: 363141353042353946463635
[17:37:11] RECV: 37413844303030303030
[17:37:11] RECV: 30303030303030303030
[17:37:12] RECV: 30303030303030303030
[17:37:12] RECV: 30303030303030303031
[17:37:12] RECV: 30373030303030303030
[17:37:12] RECV: 30303030303346433030
[17:37:12] RECV: 30303030303345423037
[17:37:12] RECV: 30333030303030303030
[17:37:12] RECV: 46464646464646463030
[17:37:12] RECV: 30303030323130303136
[17:37:12] RECV: 30303030464644373030
[17:37:12] RECV: 303030300D0D3E
[17:37:12] send: 21CD 1
[17:37:12] RECV: 3631
[17:37:12] RECV: 43443031303030393030
[17:37:12] RECV: 30303033323830313031
[17:37:12] RECV: 303030380D0D3E
[17:37:12] send: 17FF00 1
[17:37:12] RECV: 353730323030343535343232
[17:37:12] RECV: 363334350D0D3E
[17:37:12] send: 21A0 1
[17:37:12] RECV: 363141304646464630434141
[17:37:12] RECV: 30303030303035303038
[17:37:12] RECV: 42363042463933383643
[17:37:12] RECV: 30334545303345363041
[17:37:12] RECV: 41413030453630303030
[17:37:12] RECV: 30413835304139463032
[17:37:12] RECV: 46323030303030334643
[17:37:12] RECV: 30304633303045443030
[17:37:12] RECV: 32383030303030363030
[17:37:12] RECV: 30303030303030314641
[17:37:12] RECV: 46463941303030303030
[17:37:12] RECV: 30303030303030303030
[17:37:12] RECV: 303030300D0D3E
[17:37:12] send: 21A2 1
[17:37:12] RECV: 363141323030393730303430303135343032303930313435
[17:37:12] RECV: 303045313031353430304237
[17:37:12] RECV: 303842363042353930334545
[17:37:12] RECV: 30424537304246393033
[17:37:12] RECV: 44333030453230413835
[17:37:12] RECV: 313339363033373033383937
[17:37:12] RECV: 303030303030303030303030
[17:37:12] RECV: 303030303030303030303030
[17:37:12] RECV: 303030303030303030303030
[17:37:12] RECV: 303030303030303030300D0D3E
[17:37:12] send: 21A5 1
[17:37:13] RECV: 36314135304235394646354237413844
[17:37:13] RECV: 303030303030303030303030
[17:37:13] RECV: 303030303030303030303030
[17:37:13] RECV: 303030303030303030303031
[17:37:13] RECV: 303730303030303030303030
[17:37:13] RECV: 303030334643303030303030
[17:37:13] RECV: 30334542303730443030
[17:37:13] RECV: 3030303030304646464646464646
[17:37:13] RECV: 303030303030323130303136
[17:37:13] RECV: 303030304646443530303030
[17:37:13] RECV: 30300D0D3E
[17:37:13] send: 21CD 1
[17:37:13] RECV: 363143443031303030393030
[17:37:13] RECV: 30303033324630313031
[17:37:13] RECV: 303030380D0D3E
[17:37:13] send: 21A0 1
[17:37:13] RECV: 363141304646464630434139
[17:37:13] RECV: 30303030303035303038
[17:37:13] RECV: 42363042463933383945
[17:37:13] RECV: 3033454530334536304137313030453930303030
[17:37:13] RECV: 30413942304144383032
[17:37:13] RECV: 44433030303030334643
[17:37:13] RECV: 30304632303045423030
[17:37:13] RECV: 32383030303030363030
[17:37:13] RECV: 30303030303030314639
[17:37:13] RECV: 46463942303030303030
[17:37:13] RECV: 30303030303030303030
[17:37:13] RECV: 303030300D0D3E
[17:37:13] send: 21A2 1
[17:37:13] RECV: 363141323030393730303430
[17:37:13] RECV: 30313546303230343031
[17:37:13] RECV: 34383030453130313546
[17:37:13] RECV: 30304238303842363042
[17:37:13] RECV: 35393033454530424538
[17:37:13] RECV: 30424639303344333030
[17:37:13] RECV: 45313041364631333936
[17:37:13] RECV: 30333730333836353030
[17:37:13] RECV: 30303030303030303030
[17:37:13] RECV: 30303030303030303030
[17:37:13] RECV: 30303030303030303030
[17:37:13] RECV: 30303030303030303030
[17:37:13] RECV: 303030300D0D3E
[17:37:13] send: 21A5 1
[17:37:13] RECV: 363141353042353946463435
[17:37:13] RECV: 37413844303030303030
[17:37:13] RECV: 30303030303030303030
[17:37:14] RECV: 30303030303030303030
[17:37:14] RECV: 30303030303030303031
[17:37:14] RECV: 30373030303030303030
[17:37:14] RECV: 30303030303346433030
[17:37:14] RECV: 30303030303345423036
[17:37:14] RECV: 46353030303030303030
[17:37:14] RECV: 46464646464646463030
[17:37:14] RECV: 30303030323130303136
[17:37:14] RECV: 30303030464644323030
[17:37:14] RECV: 303030300D0D3E
[17:37:14] send: 21CD 1
[17:37:14] RECV: 3631
[17:37:14] RECV: 43443031303030393030
[17:37:14] RECV: 30303033323830313031
[17:37:14] RECV: 303030380D0D3E
[17:37:14] send: 21A0 1
[17:37:14] RECV: 363141304646464630434139
[17:37:14] RECV: 30303030303035303038
[17:37:14] RECV: 42363042463833384146
[17:37:14] RECV: 30334545303345363041
[17:37:14] RECV: 42353030453830303030
[17:37:14] RECV: 30413835304143343032
[17:37:14] RECV: 4441303030303033464330304542303045433030
[17:37:14] RECV: 32383030303030363030
[17:37:14] RECV: 30303030303030314632
[17:37:14] RECV: 46463941303030303030
[17:37:14] RECV: 30303030303030303030
[17:37:14] RECV: 303030300D0D3E
[17:37:14] send: 21A2 1
[17:37:14] RECV: 3631
[17:37:14] RECV: 41323030393730303430
[17:37:14] RECV: 30313234303230373031
[17:37:14] RECV: 34463030453230313234
[17:37:14] RECV: 30304236303842363042
[17:37:14] RECV: 35393033454530424539
[17:37:14] RECV: 30424638303344333030
[17:37:14] RECV: 45333041394231333936
[17:37:14] RECV: 30333730333831413030
[17:37:14] RECV: 30303030303030303030
[17:37:14] RECV: 30303030303030303030
[17:37:14] RECV: 30303030303030303030
[17:37:14] RECV: 30303030303030303030
[17:37:14] RECV: 303030300D0D3E
[17:37:14] send: 21A5 1
[17:37:14] RECV: 363141353042353946463938
[17:37:14] RECV: 37413844303030303030
[17:37:14] RECV: 30303030303030303030
[17:37:14] RECV: 30303030303030303030
[17:37:14] RECV: 30303030303030303031
[17:37:14] RECV: 30373030303030303030
[17:37:14] RECV: 30303030303346433030
[17:37:14] RECV: 30303030303345423037
[17:37:14] RECV: 30463030303030303030
[17:37:14] RECV: 46464646464646463030
[17:37:15] RECV: 30303030323130303136
[17:37:15] RECV: 30303030464644433030
[17:37:15] RECV: 303030300D0D3E
[17:37:15] send: 21CD 1
[17:37:15] RECV: 363143443031303030393030
[17:37:15] RECV: 30303033324230313031
[17:37:15] RECV: 303030380D0D3E
[17:37:15] send: 21A0 1
[17:37:15] RECV: 363141304646464630434138
[17:37:15] RECV: 30303030303035303038
[17:37:15] RECV: 42363042463833384235
[17:37:15] RECV: 30334545303345363041
[17:37:15] RECV: 43313030453230303030
[17:37:15] RECV: 30413942304138383032
[17:37:15] RECV: 44393030303030334643
[17:37:15] RECV: 30304630303046323030
[17:37:15] RECV: 32383030303030363030
[17:37:15] RECV: 30303030303030314637
[17:37:15] RECV: 46463941303030303030
[17:37:15] RECV: 30303030303030303030
[17:37:15] RECV: 303030300D0D3E
[17:37:15] send: 21A2 1
[17:37:15] RECV: 3631
[17:37:15] RECV: 41323030393730303430
[17:37:15] RECV: 30313546303230383031
[17:37:15] RECV: 34433030453630313546
[17:37:15] RECV: 30304235303842363042
[17:37:15] RECV: 35393033454530424541
[17:37:15] RECV: 30424638303344333030
[17:37:15] RECV: 45333041394231333936
[17:37:15] RECV: 30333730333745383030
[17:37:15] RECV: 30303030303030303030
[17:37:15] RECV: 30303030303030303030
[17:37:15] RECV: 30303030303030303030
[17:37:15] RECV: 30303030303030303030
[17:37:15] RECV: 303030300D0D3E
[17:37:15] send: 21A5 1
[17:37:15] RECV: 363141353042353946464244
[17:37:15] RECV: 3741384430303030303030303030303030303030
[17:37:15] RECV: 30303030303030303030
[17:37:15] RECV: 30303030303030303031
[17:37:15] RECV: 30373030303030303030
[17:37:15] RECV: 30303030303346433030
[17:37:15] RECV: 30303030303345423037
[17:37:15] RECV: 31353030303030303030
[17:37:15] RECV: 46464646464646463030
[17:37:15] RECV: 30303030323130303136
[17:37:15] RECV: 30303030464644363030
[17:37:15] RECV: 303030300D0D3E
[17:37:15] send: 21CD 1
[17:37:16] RECV: 3631
[17:37:16] RECV: 43443031303030393030
[17:37:16] RECV: 30303033324430313031
[17:37:16] RECV: 303030380D0D3E
[17:37:16] send: 17FF00 1
[17:37:16] RECV: 353730323030343535343232
[17:37:16] RECV: 363334350D0D3E
[17:37:16] send: 21A0 1
[17:37:16] RECV: 363141304646464630434138
[17:37:16] RECV: 30303030303035303038
[17:37:16] RECV: 42363042463833383932
[17:37:16] RECV: 30334545303345363041
[17:37:16] RECV: 37353030453030303030
[17:37:16] RECV: 30413646304135393032
[17:37:16] RECV: 44323030303030334643
[17:37:16] RECV: 30304633303046343030
[17:37:16] RECV: 32383030303030363030
[17:37:16] RECV: 30303030303030314641
[17:37:16] RECV: 46463941303030303030
[17:37:16] RECV: 30303030303030303030
[17:37:16] RECV: 303030300D0D3E
[17:37:16] send: 21A2 1
[17:37:16] RECV: 363141323030393730303430
[17:37:16] RECV: 30313536303230393031
[17:37:16] RECV: 34343030453230313536
[17:37:16] RECV: 30304236303842363042
[17:37:16] RECV: 35393033454530424542
[17:37:16] RECV: 30424638303344333030
[17:37:16] RECV: 45333041394231333936
[17:37:16] RECV: 30333730333842303030
[17:37:16] RECV: 30303030303030303030
[17:37:16] RECV: 30303030303030303030
[17:37:16] RECV: 30303030303030303030
[17:37:16] RECV: 30303030303030303030
[17:37:16] RECV: 303030300D0D3E
[17:37:16] send: 21A5 1
[17:37:16] RECV: 363141353042353946463934
[17:37:16] RECV: 37413844303030303030
[17:37:16] RECV: 30303030303030303030
[17:37:16] RECV: 30303030303030303030
[17:37:16] RECV: 30303030303030303031
[17:37:16] RECV: 3037303030303030303030303030303346433030
[17:37:16] RECV: 30303030303345423037
[17:37:16] RECV: 31343030303030303030
[17:37:16] RECV: 46464646464646463030
[17:37:17] RECV: 3030303032313030313630303030464644323030
[17:37:17] RECV: 303030300D0D3E
[17:37:17] send: 21CD 1
[17:37:17] RECV: 3631
[17:37:17] RECV: 43443031303030393030
[17:37:17] RECV: 30303033333030313031
[17:37:17] RECV: 303030380D0D3E
[17:37:17] send: 21A0 1
[17:37:17] RECV: 363141304646464630434137
[17:37:17] RECV: 30303030303035303038
[17:37:17] RECV: 42363042463733384243
[17:37:17] RECV: 30334545303345363041
[17:37:17] RECV: 3533303044433030303030413539304131453032
[17:37:17] RECV: 42413030303030334643
[17:37:17] RECV: 30304641303046433030
[17:37:17] RECV: 32383030303030363030
[17:37:17] RECV: 30303030303030323031
[17:37:17] RECV: 46463941303030303030
[17:37:17] RECV: 30303030303030303030
[17:37:17] RECV: 303030300D0D3E
[17:37:17] send: 21A2 1
[17:37:17] RECV: 363141323030393730303430
[17:37:17] RECV: 30313342303230333031
[17:37:17] RECV: 35313030444630313342
[17:37:17] RECV: 30304238303842363042
[17:37:17] RECV: 35393033454530424543
[17:37:17] RECV: 30424637303344333030
[17:37:17] RECV: 44463041343331333936
[17:37:17] RECV: 30333731333830313030
[17:37:17] RECV: 30303030303030303030
[17:37:17] RECV: 30303030303030303030
[17:37:17] RECV: 30303030303030303030
[17:37:17] RECV: 30303030303030303030
[17:37:17] RECV: 303030300D0D3E
[17:37:17] send: 21A5 1
[17:37:17] RECV: 363141353042353946463635
[17:37:17] RECV: 374138443030303030303030
[17:37:17] RECV: 30303030303030303030
[17:37:17] RECV: 30303030303030303030
[17:37:17] RECV: 30303030303030313037
[17:37:17] RECV: 30303030303030303030
[17:37:17] RECV: 30303033464330303030
[17:37:17] RECV: 30303033454230373131
[17:37:17] RECV: 30303030303030304646
[17:37:17] RECV: 46464646464630303030
[17:37:17] RECV: 30303231303031363030
[17:37:17] RECV: 30304646434330303030
[17:37:17] RECV: 30300D0D3E
[17:37:17] send: 21CD 1
[17:37:18] RECV: 3631434430313030303930303030
[17:37:18] RECV: 3033323430313031303030380D0D3E
[17:37:18] send: 21A0 1
[17:37:18] RECV: 3631
[17:37:18] RECV: 413046464646304341373030
[17:37:18] RECV: 303030303530303842363042
[17:37:18] RECV: 463633383830303345453033
[17:37:18] RECV: 453630413644303044443030
[17:37:18] RECV: 303030413942304133383032
[17:37:18] RECV: 433330303030303346433030
[17:37:18] RECV: 463230304642303032383030303030363030303030303030
[17:37:18] RECV: 303146394646394130303030
[17:37:18] RECV: 303030303030303030303030
[17:37:18] RECV: 303030300D0D3E
[17:37:18] send: 21A2 1
[17:37:18] RECV: 363141323030393730303430
[17:37:18] RECV: 30313533303230333031
[17:37:18] RECV: 34353030453130313533
[17:37:18] RECV: 30304232303842363042
[17:37:18] RECV: 35393033454530424544
[17:37:18] RECV: 30424636303344333030
[17:37:18] RECV: 44463041343331333936
[17:37:18] RECV: 30333731333839373030
[17:37:18] RECV: 30303030303030303030
[17:37:18] RECV: 30303030303030303030
[17:37:18] RECV: 30303030303030303030
[17:37:18] RECV: 30303030303030303030
[17:37:18] RECV: 303030300D0D3E
[17:37:18] send: 21A5 1
[17:37:18] RECV: 363141353042353946463943
[17:37:18] RECV: 37413844303030303030
[17:37:18] RECV: 30303030303030303030
[17:37:18] RECV: 30303030303030303030
[17:37:18] RECV: 30303030303030303031
[17:37:18] RECV: 30373030303030303030
[17:37:18] RECV: 30303030303346433030
[17:37:18] RECV: 30303030303345423037
[17:37:18] RECV: 30323030303030303030
[17:37:18] RECV: 46464646464646463030
[17:37:18] RECV: 30303030323130303136
[17:37:18] RECV: 30303030464643463030
[17:37:18] RECV: 303030300D0D3E
[17:37:18] send: 21CD 1
[17:37:18] RECV: 363143443031303030393030
[17:37:18] RECV: 30303033323630313031
[17:37:18] RECV: 303030380D0D3E
[17:37:18] send: 21A0 1
[17:37:19] RECV: 363141304646464630434136
[17:37:19] RECV: 30303030303035303038
[17:37:19] RECV: 42363042463633384237
[17:37:19] RECV: 3033454530334536304137373030444630303030
[17:37:19] RECV: 30413942304135413032
[17:37:19] RECV: 4344303030303033464330304631303046363030
[17:37:19] RECV: 32383030303030363030
[17:37:19] RECV: 30303030303030314638
[17:37:19] RECV: 46463941303030303030
[17:37:19] RECV: 30303030303030303030
[17:37:19] RECV: 303030300D0D3E
[17:37:19] send: 21A2 1
[17:37:19] RECV: 363141323030393730303430
[17:37:19] RECV: 30313241303230383031
[17:37:19] RECV: 34393030453230313241
[17:37:19] RECV: 30304239303842363042
[17:37:19] RECV: 35393033454530424545
[17:37:19] RECV: 30424636303344333030
[17:37:19] RECV: 45323041383531333936
[17:37:19] RECV: 30333730333839373030
[17:37:19] RECV: 30303030303030303030
[17:37:19] RECV: 30303030303030303030
[17:37:19] RECV: 30303030303030303030
[17:37:19] RECV: 30303030303030303030
[17:37:19] RECV: 303030300D0D3E
[17:37:19] send: 21A5 1
[17:37:19] RECV: 363141353042353946463433
[17:37:19] RECV: 37413844303030303030
[17:37:19] RECV: 30303030303030303030
[17:37:19] RECV: 30303030303030303030
[17:37:19] RECV: 30303030303030303031
[17:37:19] RECV: 30373030303030303030
[17:37:19] RECV: 30303030303346433030
[17:37:19] RECV: 30303030303345423037
[17:37:19] RECV: 30433030303030303030
[17:37:19] RECV: 46464646464646463030
[17:37:19] RECV: 3030303032313030313630303030464643463030
[17:37:19] RECV: 303030300D0D3E
[17:37:19] send: 21CD 1
[17:37:19] RECV: 363143443031303030393030
[17:37:19] RECV: 30303033323730313031303030380D0D3E
[17:37:19] send: 17FF00 1
[17:37:20] RECV: 353730323030343535343232
[17:37:20] RECV: 363334350D0D3E
[17:37:20] send: 21A0 1
[17:37:20] RECV: 363141304646464630434135
[17:37:20] RECV: 30303030303035303038
[17:37:20] RECV: 42363042463633383546
[17:37:20] RECV: 30334545303345363041
[17:37:20] RECV: 32443030453030303030
[17:37:20] RECV: 30413646304136433032
[17:37:20] RECV: 44393030303030334643
[17:37:20] RECV: 30304543303046313030
[17:37:20] RECV: 32383030303030363030
[17:37:20] RECV: 30303030303030314633
[17:37:20] RECV: 46463941303030303030
[17:37:20] RECV: 30303030303030303030
[17:37:20] RECV: 303030300D0D3E
[17:37:20] send: 21A2 1
[17:37:20] RECV: 363141323030393730303430
[17:37:20] RECV: 30313441303230363031
[17:37:20] RECV: 34353030444630313441
[17:37:20] RECV: 30304236303842363042
[17:37:20] RECV: 35393033454530424631
[17:37:20] RECV: 30424635303344333030
[17:37:20] RECV: 44463041343331333936
[17:37:20] RECV: 30333731333845333030
[17:37:20] RECV: 30303030303030303030
[17:37:20] RECV: 30303030303030303030
[17:37:20] RECV: 30303030303030303030
[17:37:20] RECV: 30303030303030303030
[17:37:20] RECV: 303030300D0D3E
[17:37:20] send: 21A5 1
[17:37:20] RECV: 363141353042353946463637
[17:37:20] RECV: 37413844303030303030
[17:37:20] RECV: 30303030303030303030
[17:37:20] RECV: 30303030303030303030
[17:37:20] RECV: 30303030303030303031
[17:37:20] RECV: 30373030303030303030
[17:37:20] RECV: 30303030303346433030
[17:37:20] RECV: 30303030303345423037
[17:37:20] RECV: 30433030303030303030
[17:37:20] RECV: 46464646464646463030
[17:37:20] RECV: 30303030323130303136
[17:37:20] RECV: 30303030464644303030
[17:37:20] RECV: 303030300D0D3E
[17:37:20] send: 21CD 1
[17:37:20] RECV: 363143443031303030393030
[17:37:20] RECV: 30303033323530313031
[17:37:20] RECV: 303030380D0D3E
[17:37:20] send: 21A0 1
[17:37:21] RECV: 363141304646464630434134
[17:37:21] RECV: 30303030303035303038
[17:37:21] RECV: 42363042463533383844
[17:37:21] RECV: 30334545303345363041
[17:37:21] RECV: 36413030444330303030
[17:37:21] RECV: 30413835304131453032
[17:37:21] RECV: 39453030303030334643
[17:37:21] RECV: 30304542303046423030
[17:37:21] RECV: 3238303030303036303030303030303030314632
[17:37:21] RECV: 4646394130303030303030303030303030303030
[17:37:21] RECV: 303030300D0D3E
[17:37:21] send: 21A2 1
[17:37:21] RECV: 363141323030393730303430
[17:37:21] RECV: 30313330303146453031
[17:37:21] RECV: 34383030444530313330
[17:37:21] RECV: 30304234303842363042
[17:37:21] RECV: 35393033454530424632
[17:37:21] RECV: 30424635303344333030
[17:37:21] RECV: 44453041324431333936
[17:37:21] RECV: 30333731333839373030
[17:37:21] RECV: 30303030303030303030
[17:37:21] RECV: 30303030303030303030
[17:37:21] RECV: 30303030303030303030
[17:37:21] RECV: 30303030303030303030
[17:37:21] RECV: 303030300D0D3E
[17:37:21] send: 21A5 1
[17:37:21] RECV: 363141353042353946464138
[17:37:21] RECV: 37413844303030303030
[17:37:21] RECV: 30303030303030303030
[17:37:21] RECV: 30303030303030303030
[17:37:21] RECV: 30303030303030303031
[17:37:21] RECV: 30373030303030303030
[17:37:21] RECV: 30303030303346433030
[17:37:21] RECV: 30303030303345423037
[17:37:21] RECV: 31433030303030303030
[17:37:21] RECV: 46464646464646463030
[17:37:21] RECV: 30303030323130303136
[17:37:21] RECV: 30303030464644313030
[17:37:21] RECV: 303030300D0D3E
[17:37:21] send: 21CD 1
[17:37:21] RECV: 363143443031303030393030
[17:37:21] RECV: 30303033323630313031
[17:37:21] RECV: 303030380D0D3E
[17:37:21] send: 21A0 1
[17:37:21] RECV: 36314130464646463043413430303030303035303038
[17:37:22] RECV: 42363042463433383545
[17:37:22] RECV: 30334545303345363041
[17:37:22] RECV: 36353030444630303030
[17:37:22] RECV: 30413835304135453032
[17:37:22] RECV: 44333030303030334643
[17:37:22] RECV: 30304631303046353030
[17:37:22] RECV: 32383030303030363030
[17:37:22] RECV: 30303030303030314638
[17:37:22] RECV: 46463941303030303030
[17:37:22] RECV: 30303030303030303030
[17:37:22] RECV: 303030300D0D3E
[17:37:22] send: 21A2 1
[17:37:22] RECV: 363141323030393730303430
[17:37:22] RECV: 30313546303230383031
[17:37:22] RECV: 35313030453230313546
[17:37:22] RECV: 30304238303842363042
[17:37:22] RECV: 35393033454530424633
[17:37:22] RECV: 30424634303344333030
[17:37:22] RECV: 45333041394231333936
[17:37:22] RECV: 30333730333831413030
[17:37:22] RECV: 30303030303030303030
[17:37:22] RECV: 30303030303030303030
[17:37:22] RECV: 30303030303030303030
[17:37:22] RECV: 30303030303030303030
[17:37:22] RECV: 303030300D0D3E
[17:37:22] send: 21A5 1
[17:37:22] RECV: 363141353042353946463446
[17:37:22] RECV: 37413844303030303030
[17:37:22] RECV: 30303030303030303030
[17:37:22] RECV: 30303030303030303030
[17:37:22] RECV: 30303030303030303031
[17:37:22] RECV: 30373030303030303030
[17:37:22] RECV: 30303030303346433030
[17:37:22] RECV: 30303030303345423037
[17:37:22] RECV: 31423030303030303030
[17:37:22] RECV: 46464646464646463030
[17:37:22] RECV: 30303030323130303136
[17:37:22] RECV: 30303030464643443030
[17:37:22] RECV: 303030300D0D3E
[17:37:22] send: 21CD 1
[17:37:22] RECV: 363143443031303030393030
[17:37:22] RECV: 30303033324230313031
[17:37:22] RECV: 303030380D0D3E
[17:37:22] send: 21A0 1
[17:37:22] RECV: 363141304646464630434134
[17:37:22] RECV: 30303030303035303038
[17:37:22] RECV: 42363042463433384238
[17:37:22] RECV: 30334545303345363041
[17:37:22] RECV: 41383030444330303030
[17:37:22] RECV: 30413244304132333032
[17:37:22] RECV: 42323030303030334643
[17:37:22] RECV: 30304644303046423030
[17:37:22] RECV: 32383030303030363030
[17:37:22] RECV: 30303030303030323034
[17:37:22] RECV: 46463941303030303030
[17:37:23] RECV: 30303030303030303030
[17:37:23] RECV: 303030300D0D3E
[17:37:23] send: 21A2 1
[17:37:23] RECV: 36314132303039373030343030313434303146453031
[17:37:23] RECV: 34363030444330313434
[17:37:23] RECV: 30304236303842363042
[17:37:23] RECV: 35393033454530424634
[17:37:23] RECV: 30424634303344333030
[17:37:23] RECV: 44433041303231333936
[17:37:23] RECV: 30333731333845333030
[17:37:23] RECV: 30303030303030303030
[17:37:23] RECV: 30303030303030303030
[17:37:23] RECV: 30303030303030303030
[17:37:23] RECV: 30303030303030303030
[17:37:23] RECV: 303030300D0D3E
[17:37:23] send: 21A5 1
[17:37:23] RECV: 363141353042353946464138
[17:37:23] RECV: 37413844303030303030
[17:37:23] RECV: 30303030303030303030
[17:37:23] RECV: 30303030303030303030
[17:37:23] RECV: 30303030303030303031
[17:37:23] RECV: 30373030303030303030
[17:37:23] RECV: 30303030303346433030
[17:37:23] RECV: 30303030303345423037
[17:37:23] RECV: 30313030303030303030
[17:37:23] RECV: 46464646464646463030
[17:37:23] RECV: 30303030323130303136
[17:37:23] RECV: 30303030464643463030
[17:37:23] RECV: 303030300D0D3E
[17:37:23] send: 21CD 1
[17:37:23] RECV: 363143443031303030393030
[17:37:23] RECV: 30303033324130313031
[17:37:23] RECV: 303030380D0D3E
[17:37:23] send: 17FF00 1
[17:37:23] RECV: 353730323030343535343232
[17:37:23] RECV: 363334350D0D3E
[17:37:23] send: 21A0 1
[17:37:23] RECV: 363141304646464630434133
[17:37:23] RECV: 303030303030353030384236
[17:37:23] RECV: 30424633333835423033
[17:37:23] RECV: 4545303345363041384530304441
[17:37:24] RECV: 303030303041303230413242
[17:37:24] RECV: 303242463030303030334643
[17:37:24] RECV: 303046413030464130303238
[17:37:24] RECV: 303030303036303030303030
[17:37:24] RECV: 303030323031464639413030
[17:37:24] RECV: 30303030303030303030
[17:37:24] RECV: 30303030303030300D0D3E
[17:37:24] send: 21A2 1
[17:37:24] RECV: 3631413230303937303034303031
[17:37:24] RECV: 36353031464630313532
[17:37:24] RECV: 30304531303136353030
[17:37:24] RECV: 42393038423630423539
[17:37:24] RECV: 30334545304246353042
[17:37:24] RECV: 46333033443330304444
[17:37:24] RECV: 30413137313339363033
[17:37:24] RECV: 37313338303130303030
[17:37:24] RECV: 30303030303030303030
[17:37:24] RECV: 30303030303030303030
[17:37:24] RECV: 30303030303030303030
[17:37:24] RECV: 30303030303030303030
[17:37:24] RECV: 30300D0D3E
[17:37:24] send: 21A5 1
[17:37:24] RECV: 363141353042353946463734
[17:37:24] RECV: 37413844303030303030
[17:37:24] RECV: 30303030303030303030
[17:37:24] RECV: 30303030303030303030
[17:37:24] RECV: 30303030303030303031
[17:37:24] RECV: 30373030303030303030
[17:37:24] RECV: 30303030303346433030
[17:37:24] RECV: 30303030303345423036
[17:37:24] RECV: 46433030303030303030
[17:37:24] RECV: 46464646464646463030
[17:37:24] RECV: 30303030323130303136
[17:37:24] RECV: 30303030464644303030
[17:37:24] RECV: 303030300D0D3E
[17:37:24] send: 21CD 1
[17:37:24] RECV: 363143443031303030393030
[17:37:24] RECV: 30303033323830313031
[17:37:24] RECV: 303030380D0D3E
[17:37:24] send: 21A0 1
[17:37:24] RECV: 363141304646464630434133
[17:37:24] RECV: 30303030303035303038
[17:37:24] RECV: 42363042463333384430
[17:37:24] RECV: 30334545303345363041
[17:37:24] RECV: 3942303044413030303030413137304132423032
[17:37:24] RECV: 42423030303030334643
[17:37:24] RECV: 30304642303046413030
[17:37:24] RECV: 32383030303030363030
[17:37:24] RECV: 30303030303030323032
[17:37:24] RECV: 46463941303030303030
[17:37:24] RECV: 30303030303030303030
[17:37:24] RECV: 303030300D0D3E
[17:37:24] send: 21A2 1
[17:37:25] RECV: 363141323030393730303430
[17:37:25] RECV: 30313345303146463031
[17:37:25] RECV: 34363030444430313345
[17:37:25] RECV: 30304238303842363042
[17:37:25] RECV: 35393033454530424636
[17:37:25] RECV: 30424633303344333030
[17:37:25] RECV: 44443041313731333936
[17:37:25] RECV: 30333731333842303030
[17:37:25] RECV: 30303030303030303030
[17:37:25] RECV: 30303030303030303030
[17:37:25] RECV: 30303030303030303030
[17:37:25] RECV: 30303030303030303030
[17:37:25] RECV: 303030300D0D3E
[17:37:25] send: 21A5 1
[17:37:25] RECV: 363141353042353946463645
[17:37:25] RECV: 37413844303030303030
[17:37:25] RECV: 30303030303030303030
[17:37:25] RECV: 30303030303030303030
[17:37:25] RECV: 30303030303030303031
[17:37:25] RECV: 30373030303030303030
[17:37:25] RECV: 30303030303346433030
[17:37:25] RECV: 30303030303345423037
[17:37:25] RECV: 31463030303030303030
[17:37:25] RECV: 46464646464646463030
[17:37:25] RECV: 30303030323130303135
[17:37:25] RECV: 30303030464643383030
[17:37:25] RECV: 303030300D0D3E
[17:37:25] send: 21CD 1
[17:37:25] RECV: 363143443031303030393030
[17:37:25] RECV: 30303033323930313031
[17:37:25] RECV: 303030380D0D3E
[17:37:25] send: 21A0 1
[17:37:25] RECV: 36314130464646463043413230303030303035303038
[17:37:25] RECV: 42363042463233383830
[17:37:25] RECV: 30334545303345363041
[17:37:25] RECV: 38373030444130303030
[17:37:25] RECV: 30413137304131363032
[17:37:25] RECV: 41303030303030334643
[17:37:25] RECV: 30304643303046443030
[17:37:25] RECV: 32383030303030363030
[17:37:25] RECV: 30303030303030323033
[17:37:25] RECV: 46463941303030303030
[17:37:25] RECV: 30303030303030303030
[17:37:25] RECV: 303030300D0D3E
[17:37:25] send: 21A2 1
[17:37:26] RECV: 363141323030393730303430
[17:37:26] RECV: 30313439303146443031
[17:37:26] RECV: 34363030444230313439
[17:37:26] RECV: 30304238303842363042
[17:37:26] RECV: 35393033454530424636
[17:37:26] RECV: 30424632303344333030
[17:37:26] RECV: 44433041303231333936
[17:37:26] RECV: 30333730333845333030
[17:37:26] RECV: 30303030303030303030
[17:37:26] RECV: 30303030303030303030
[17:37:26] RECV: 30303030303030303030
[17:37:26] RECV: 30303030303030303030
[17:37:26] RECV: 303030300D0D3E
[17:37:26] send: 21A5 1
[17:37:26] RECV: 363141353042353946463839
[17:37:26] RECV: 37413844303030303030
[17:37:26] RECV: 3030303030303030303030303030303030303030
[17:37:26] RECV: 30303030303030303031
[17:37:26] RECV: 30373030303030303030
[17:37:26] RECV: 30303030303346433030
[17:37:26] RECV: 30303030303345423037
[17:37:26] RECV: 31323030303030303030
[17:37:26] RECV: 46464646464646463030
[17:37:26] RECV: 30303030323130303136
[17:37:26] RECV: 30303030464643423030
[17:37:26] RECV: 303030300D0D3E
[17:37:26] send: 21CD 1
[17:37:26] RECV: 3631
[17:37:26] RECV: 4344303130303039303030303033323830313031
[17:37:26] RECV: 303030380D0D3E
[17:37:26] send: 21A0 1
[17:37:26] RECV: 363141304646464630434132
[17:37:26] RECV: 30303030303035303038
[17:37:26] RECV: 42363042463233383635
[17:37:26] RECV: 30334545303345363041
[17:37:26] RECV: 38363030444130303030
[17:37:26] RECV: 30413244304131453032
[17:37:26] RECV: 41393030303030334643
[17:37:26] RECV: 30304643303046423030
[17:37:26] RECV: 32383030303030363030
[17:37:26] RECV: 30303030303030323033
[17:37:26] RECV: 46463941303030303030
[17:37:26] RECV: 30303030303030303030
[17:37:26] RECV: 303030300D0D3E
[17:37:26] send: 21A2 1
[17:37:26] RECV: 3631
[17:37:26] RECV: 41323030393730303430
[17:37:26] RECV: 30313541303146453031
[17:37:26] RECV: 34343030444430313541
[17:37:26] RECV: 30304241303842363042
[17:37:26] RECV: 35393033454530424637
[17:37:26] RECV: 30424632303344333030
[17:37:26] RECV: 44453041324431333936
[17:37:26] RECV: 30333730333843393030
[17:37:26] RECV: 30303030303030303030
[17:37:26] RECV: 30303030303030303030
[17:37:27] RECV: 30303030303030303030
[17:37:27] RECV: 30303030303030303030
[17:37:27] RECV: 303030300D0D3E
[17:37:27] send: 21A5 1
[17:37:27] RECV: 363141353042353946464131
[17:37:27] RECV: 37413844303030303030
[17:37:27] RECV: 30303030303030303030
[17:37:27] RECV: 30303030303030303030
[17:37:27] RECV: 30303030303030303031
[17:37:27] RECV: 30373030303030303030
[17:37:27] RECV: 30303030303346433030
[17:37:27] RECV: 30303030303345423036
[17:37:27] RECV: 45363030303030303030
[17:37:27] RECV: 46464646464646463030
[17:37:27] RECV: 30303030323130303136
[17:37:27] RECV: 30303030464643463030
[17:37:27] RECV: 303030300D0D3E
[17:37:27] send: 21CD 1
[17:37:27] RECV: 363143443031303030393030
[17:37:27] RECV: 30303033323830313031
[17:37:27] RECV: 303030380D0D3E
[17:37:27] send: 17FF00 1
[17:37:27] RECV: 353730323030343535343232
[17:37:27] RECV: 363334350D0D3E
[17:37:27] send: 21A0 1
[17:37:27] RECV: 363141304646464630434131
[17:37:27] RECV: 30303030303035303038
[17:37:27] RECV: 42363042463133384143
[17:37:27] RECV: 30334545303345363041
[17:37:27] RECV: 43353030444130303030
[17:37:27] RECV: 30413137304132343032
[17:37:27] RECV: 42313030303030334643
[17:37:27] RECV: 30304642303046413030
[17:37:27] RECV: 32383030303030363030
[17:37:27] RECV: 30303030303030323032
[17:37:27] RECV: 46463941303030303030
[17:37:27] RECV: 30303030303030303030
[17:37:27] RECV: 303030300D0D3E
[17:37:27] send: 21A2 1
[17:37:27] RECV: 363141323030393730303430
[17:37:27] RECV: 30313332303146453031
[17:37:27] RECV: 35303030444530313332
[17:37:27] RECV: 30304234303842363042
[17:37:28] RECV: 35393033454530424638
[17:37:28] RECV: 30424631303344333030
[17:37:28] RECV: 44453041324431333936
[17:37:28] RECV: 30333730333833333030
[17:37:28] RECV: 30303030303030303030
[17:37:28] RECV: 30303030303030303030
[17:37:28] RECV: 30303030303030303030
[17:37:28] RECV: 30303030303030303030
[17:37:28] RECV: 303030300D0D3E
[17:37:28] send: 21A5 1
[17:37:28] RECV: 363141353042353946463741
[17:37:28] RECV: 374138443030303030303030
[17:37:28] RECV: 30303030303030303030
[17:37:28] RECV: 3030303030303030303030303030
[17:37:28] RECV: 303030313037303030303030
[17:37:28] RECV: 303030303030303346433030
[17:37:28] RECV: 303030303033454230373034
[17:37:28] RECV: 3030303030303030464646464646
[17:37:28] RECV: 464630303030303032313030
[17:37:28] RECV: 313630303030464643453030
[17:37:28] RECV: 303030300D0D3E
[17:37:28] send: 21CD 1
[17:37:28] RECV: 3631434430313030303930303030
[17:37:28] RECV: 3033323730313031303030380D0D3E
[17:37:28] send: 21A0 1
[17:37:28] RECV: 3631
[17:37:28] RECV: 41304646464630434131
[17:37:28] RECV: 303030303030353030384236
[17:37:28] RECV: 30424630333844333033
[17:37:28] RECV: 45453033453630413646
[17:37:28] RECV: 30304441303030303041
[17:37:28] RECV: 31373041313230323941
[17:37:28] RECV: 30303030303346433030
[17:37:28] RECV: 46433030464530303238
[17:37:28] RECV: 30303030303630303030
[17:37:28] RECV: 30303030303230334646
[17:37:28] RECV: 39413030303030303030
[17:37:28] RECV: 30303030303030303030
[17:37:28] RECV: 30300D0D3E
[17:37:28] send: 21A2 1
[17:37:28] RECV: 363141323030393730303430
[17:37:28] RECV: 30313432303146433031
[17:37:28] RECV: 34363030444330313432
[17:37:28] RECV: 30304235303842363042
[17:37:28] RECV: 35393033454530424639
[17:37:28] RECV: 30424631303344333030
[17:37:28] RECV: 44433041303231333936
[17:37:28] RECV: 30333730333845333030
[17:37:28] RECV: 30303030303030303030
[17:37:28] RECV: 30303030303030303030
[17:37:28] RECV: 30303030303030303030
[17:37:28] RECV: 30303030303030303030
[17:37:28] RECV: 303030300D0D3E
[17:37:28] send: 21A5 1
[17:37:29] RECV: 363141353042353946463838
[17:37:29] RECV: 37413844303030303030
[17:37:29] RECV: 30303030303030303030
[17:37:29] RECV: 30303030303030303030
[17:37:29] RECV: 30303030303030303031
[17:37:29] RECV: 30373030303030303030
[17:37:29] RECV: 30303030303346433030
[17:37:29] RECV: 30303030303345423037
[17:37:29] RECV: 30313030303030303030
[17:37:29] RECV: 46464646464646463030
[17:37:29] RECV: 30303030323130303136
[17:37:29] RECV: 30303030464643433030
[17:37:29] RECV: 303030300D0D3E
[17:37:29] send: 21CD 1
[17:37:29] RECV: 363143443031303030393030
[17:37:29] RECV: 30303033323730313031
[17:37:29] RECV: 303030380D0D3E
[17:37:29] send: 21A0 1
[17:37:29] RECV: 363141304646464630434130
[17:37:29] RECV: 30303030303035303038
[17:37:29] RECV: 42363042463033383730
[17:37:29] RECV: 30334545303345363041
[17:37:29] RECV: 39353030444130303030
[17:37:29] RECV: 30413137304131373032
[17:37:29] RECV: 41303030303030334643
[17:37:29] RECV: 30304643303046443030
[17:37:29] RECV: 32383030303030363030
[17:37:29] RECV: 30303030303030323033
[17:37:29] RECV: 46463941303030303030
[17:37:29] RECV: 30303030303030303030
[17:37:29] RECV: 303030300D0D3E
[17:37:29] send: 21A2 1
[17:37:29] RECV: 363141323030393730303430
[17:37:29] RECV: 30313542303146453031
[17:37:29] RECV: 34393030444530313542
[17:37:29] RECV: 3030423630384236304235393033454530424641
[17:37:29] RECV: 30424630303344333030
[17:37:29] RECV: 44433041303231333936
[17:37:29] RECV: 30333731333837453030
[17:37:29] RECV: 30303030303030303030
[17:37:29] RECV: 30303030303030303030
[17:37:29] RECV: 30303030303030303030
[17:37:29] RECV: 30303030303030303030
[17:37:29] RECV: 303030300D0D3E
[17:37:29] send: 21A5 1
[17:37:30] RECV: 3631
[17:37:30] RECV: 4135304235394646373937413844303030303030
[17:37:30] RECV: 30303030303030303030
[17:37:30] RECV: 30303030303030303030
[17:37:30] RECV: 30303030303030303031
[17:37:30] RECV: 30373030303030303030
[17:37:30] RECV: 30303030303346433030
[17:37:30] RECV: 30303030303345423037
[17:37:30] RECV: 31413030303030303030
[17:37:30] RECV: 46464646464646463030
[17:37:30] RECV: 3030303032313030313630303030464643393030
[17:37:30] RECV: 303030300D0D3E
[17:37:30] send: 21CD 1
[17:37:30] RECV: 363143443031303030393030
[17:37:30] RECV: 30303033323830313031
[17:37:30] RECV: 303030380D0D3E
[17:37:30] send: 21A0 1
[17:37:30] RECV: 363141304646464630434130
[17:37:30] RECV: 30303030303035303038
[17:37:30] RECV: 42363042463033383636
[17:37:30] RECV: 30334545303345363041
[17:37:30] RECV: 38443030444130303030
[17:37:30] RECV: 30413244304131463032
[17:37:30] RECV: 41393030303030334643
[17:37:30] RECV: 30304644303046433030
[17:37:30] RECV: 32383030303030363030
[17:37:30] RECV: 30303030303030323034
[17:37:30] RECV: 46463941303030303030
[17:37:30] RECV: 30303030303030303030
[17:37:30] RECV: 303030300D0D3E
[17:37:30] send: 21A2 1
[17:37:30] RECV: 363141323030393730303430
[17:37:30] RECV: 30313638303146453031
[17:37:30] RECV: 34393030444630313638
[17:37:30] RECV: 30304237303842363042
[17:37:30] RECV: 35393033454530424641
[17:37:30] RECV: 30424630303344333030
[17:37:30] RECV: 44443041313731333936
[17:37:30] RECV: 30333730333837453030
[17:37:30] RECV: 30303030303030303030
[17:37:30] RECV: 30303030303030303030
[17:37:30] RECV: 30303030303030303030
[17:37:30] RECV: 30303030303030303030
[17:37:30] RECV: 303030300D0D3E
[17:37:30] send: 21A5 1
[17:37:30] RECV: 36314135304235394646413637413844303030303030
[17:37:30] RECV: 30303030303030303030
[17:37:30] RECV: 30303030303030303030
[17:37:30] RECV: 30303030303030303031
[17:37:30] RECV: 30373030303030303030
[17:37:31] RECV: 30303030303346433030
[17:37:31] RECV: 30303030303345423036
[17:37:31] RECV: 46453030303030303030
[17:37:31] RECV: 46464646464646463030
[17:37:31] RECV: 30303030323130303137
[17:37:31] RECV: 30303030464643463030
[17:37:31] RECV: 303030300D0D3E
